<?xml version="1.0" encoding="UTF-8"?>
<testsuite name="com.kihong.health.persistence.model.common.ErrorResponseTest" tests="1" skipped="0" failures="0" errors="0" timestamp="2023-04-26T19:41:20" hostname="9f8ab14de063" time="0.046">
  <properties/>
  <testcase name="EROR RESPONSE TRANSFER TEST" classname="com.kihong.health.persistence.model.common.ErrorResponseTest" time="0.046"/>
  <system-out><![CDATA[]]></system-out>
  <system-err><![CDATA[]]></system-err>
</testsuite>
