<?xml version="1.0" encoding="UTF-8"?>
<testsuite name="com.kihong.health.persistence.dto.record.CreateRecordTest" tests="1" skipped="0" failures="0" errors="0" timestamp="2023-04-26T19:41:20" hostname="9f8ab14de063" time="0.023">
  <properties/>
  <testcase name="CREATE RECORD DTO VALIDATE TEST" classname="com.kihong.health.persistence.dto.record.CreateRecordTest" time="0.023"/>
  <system-out><![CDATA[]]></system-out>
  <system-err><![CDATA[]]></system-err>
</testsuite>
