<?xml version="1.0" encoding="UTF-8"?>
<testsuite name="com.kihong.health.test.BasicTest" tests="1" skipped="0" failures="0" errors="0" timestamp="2023-04-26T19:41:26" hostname="9f8ab14de063" time="2.15">
  <properties/>
  <testcase name="easy test" classname="com.kihong.health.test.BasicTest" time="2.15"/>
  <system-out><![CDATA[2023-04-26T19:41:26.775Z  INFO 8971 --- [    Test worker] t.c.s.AnnotationConfigContextLoaderUtils : Could not detect default configuration classes for test class [com.kihong.health.test.BasicTest]: BasicTest does not declare any static, non-private, non-final, nested classes annotated with @Configuration.
2023-04-26T19:41:26.794Z  INFO 8971 --- [    Test worker] .b.t.c.SpringBootTestContextBootstrapper : Found @SpringBootConfiguration com.kihong.health.HealthApplication for test class com.kihong.health.test.BasicTest
2023-04-26T19:41:27.975Z DEBUG 8971 --- [    Test worker] org.hibernate.SQL                        : insert into user (account_non_expired, account_non_locked, birth_day, created_at, credentials_non_expired, is_deleted, email, enabled, gender, last_logined, password, role, updated_at, username) values (?, ?, ?, ?, ?, ?, ?, ?, ?, ?, ?, ?, ?, ?)
2023-04-26T19:41:28.570Z DEBUG 8971 --- [    Test worker] org.hibernate.SQL                        : insert into user (account_non_expired, account_non_locked, birth_day, created_at, credentials_non_expired, is_deleted, email, enabled, gender, last_logined, password, role, updated_at, username) values (?, ?, ?, ?, ?, ?, ?, ?, ?, ?, ?, ?, ?, ?)
2023-04-26T19:41:28.912Z DEBUG 8971 --- [    Test worker] org.hibernate.SQL                        : insert into user (account_non_expired, account_non_locked, birth_day, created_at, credentials_non_expired, is_deleted, email, enabled, gender, last_logined, password, role, updated_at, username) values (?, ?, ?, ?, ?, ?, ?, ?, ?, ?, ?, ?, ?, ?)
]]></system-out>
  <system-err><![CDATA[]]></system-err>
</testsuite>
