<?xml version="1.0" encoding="UTF-8"?>
<testsuite name="com.kihong.health.persistence.service.record.RecordServiceImplTest" tests="2" skipped="0" failures="0" errors="0" timestamp="2023-04-26T19:41:20" hostname="9f8ab14de063" time="2.564">
  <properties/>
  <testcase name="CREATE RECORD TEST" classname="com.kihong.health.persistence.service.record.RecordServiceImplTest" time="1.718"/>
  <testcase name="GET RECORD TEST" classname="com.kihong.health.persistence.service.record.RecordServiceImplTest" time="0.843"/>
  <system-out><![CDATA[2023-04-26T19:41:20.455Z  INFO 8971 --- [    Test worker] t.c.s.AnnotationConfigContextLoaderUtils : Could not detect default configuration classes for test class [com.kihong.health.persistence.service.record.RecordServiceImplTest]: RecordServiceImplTest does not declare any static, non-private, non-final, nested classes annotated with @Configuration.
2023-04-26T19:41:20.502Z  INFO 8971 --- [    Test worker] .b.t.c.SpringBootTestContextBootstrapper : Found @SpringBootConfiguration com.kihong.health.HealthApplication for test class com.kihong.health.persistence.service.record.RecordServiceImplTest
2023-04-26T19:41:21.653Z DEBUG 8971 --- [    Test worker] org.hibernate.SQL                        : insert into user (account_non_expired, account_non_locked, birth_day, created_at, credentials_non_expired, is_deleted, email, enabled, gender, last_logined, password, role, updated_at, username) values (?, ?, ?, ?, ?, ?, ?, ?, ?, ?, ?, ?, ?, ?)
2023-04-26T19:41:21.794Z DEBUG 8971 --- [    Test worker] org.hibernate.SQL                        : insert into user (account_non_expired, account_non_locked, birth_day, created_at, credentials_non_expired, is_deleted, email, enabled, gender, last_logined, password, role, updated_at, username) values (?, ?, ?, ?, ?, ?, ?, ?, ?, ?, ?, ?, ?, ?)
2023-04-26T19:41:21.907Z DEBUG 8971 --- [    Test worker] org.hibernate.SQL                        : insert into user (account_non_expired, account_non_locked, birth_day, created_at, credentials_non_expired, is_deleted, email, enabled, gender, last_logined, password, role, updated_at, username) values (?, ?, ?, ?, ?, ?, ?, ?, ?, ?, ?, ?, ?, ?)
2023-04-26T19:41:21.981Z DEBUG 8971 --- [    Test worker] org.hibernate.SQL                        : select w1_0.wod_id,w1_0.created_at,w1_0.date,w1_0.is_deleted,w1_0.description,w1_0.name,w1_0.result,w1_0.type,w1_0.updated_at from workout_ofthe_day w1_0 where w1_0.wod_id=?
2023-04-26T19:41:22.118Z DEBUG 8971 --- [    Test worker] org.hibernate.SQL                        : insert into record (created_at, date, is_deleted, description, note, result, updated_at, user_id, wod_id) values (?, ?, ?, ?, ?, ?, ?, ?, ?)
2023-04-26T19:41:22.176Z DEBUG 8971 --- [    Test worker] org.hibernate.SQL                        : insert into movement_record (cal, created_at, is_deleted, distance, height, name, ord, record_id, reps, updated_at, weight, wod_id) values (?, ?, ?, ?, ?, ?, ?, ?, ?, ?, ?, ?)
2023-04-26T19:41:22.198Z DEBUG 8971 --- [    Test worker] org.hibernate.SQL                        : update record set created_at=?, date=?, is_deleted=?, description=?, note=?, result=?, updated_at=?, user_id=?, wod_id=? where record_id=?
2023-04-26T19:41:22.210Z DEBUG 8971 --- [    Test worker] org.hibernate.SQL                        : update movement_record set record_id=? where id=?
2023-04-26T19:41:22.757Z DEBUG 8971 --- [    Test worker] org.hibernate.SQL                        : insert into user (account_non_expired, account_non_locked, birth_day, created_at, credentials_non_expired, is_deleted, email, enabled, gender, last_logined, password, role, updated_at, username) values (?, ?, ?, ?, ?, ?, ?, ?, ?, ?, ?, ?, ?, ?)
2023-04-26T19:41:22.907Z DEBUG 8971 --- [    Test worker] org.hibernate.SQL                        : insert into user (account_non_expired, account_non_locked, birth_day, created_at, credentials_non_expired, is_deleted, email, enabled, gender, last_logined, password, role, updated_at, username) values (?, ?, ?, ?, ?, ?, ?, ?, ?, ?, ?, ?, ?, ?)
2023-04-26T19:41:23.043Z DEBUG 8971 --- [    Test worker] org.hibernate.SQL                        : insert into user (account_non_expired, account_non_locked, birth_day, created_at, credentials_non_expired, is_deleted, email, enabled, gender, last_logined, password, role, updated_at, username) values (?, ?, ?, ?, ?, ?, ?, ?, ?, ?, ?, ?, ?, ?)
2023-04-26T19:41:23.064Z DEBUG 8971 --- [    Test worker] org.hibernate.SQL                        : select r1_0.record_id,r1_0.created_at,r1_0.date,r1_0.is_deleted,r1_0.description,r1_0.note,r1_0.result,r1_0.updated_at,u1_0.user_id,u1_0.account_non_expired,u1_0.account_non_locked,u1_0.birth_day,u1_0.created_at,u1_0.credentials_non_expired,u1_0.is_deleted,u1_0.email,u1_0.enabled,u1_0.gender,u1_0.last_logined,u1_0.password,u1_0.role,u1_0.updated_at,u1_0.username,w1_0.wod_id,w1_0.created_at,w1_0.date,w1_0.is_deleted,w1_0.description,w1_0.name,w1_0.result,w1_0.type,w1_0.updated_at from record r1_0 left join user u1_0 on u1_0.user_id=r1_0.user_id left join workout_ofthe_day w1_0 on w1_0.wod_id=r1_0.wod_id where r1_0.record_id=?
]]></system-out>
  <system-err><![CDATA[]]></system-err>
</testsuite>
