<?xml version="1.0" encoding="UTF-8"?>
<testsuite name="com.kihong.health.persistence.service.workoutOftheDay.WorkoutOftheDayServiceImplTest" tests="1" skipped="0" failures="0" errors="0" timestamp="2023-04-26T19:41:23" hostname="9f8ab14de063" time="3.62">
  <properties/>
  <testcase name="CREATE WOD TEST" classname="com.kihong.health.persistence.service.workoutOftheDay.WorkoutOftheDayServiceImplTest" time="3.62"/>
  <system-out><![CDATA[2023-04-26T19:41:23.095Z  INFO 8971 --- [    Test worker] t.c.s.AnnotationConfigContextLoaderUtils : Could not detect default configuration classes for test class [com.kihong.health.persistence.service.workoutOftheDay.WorkoutOftheDayServiceImplTest]: WorkoutOftheDayServiceImplTest does not declare any static, non-private, non-final, nested classes annotated with @Configuration.
2023-04-26T19:41:23.139Z  INFO 8971 --- [    Test worker] .b.t.c.SpringBootTestContextBootstrapper : Found @SpringBootConfiguration com.kihong.health.HealthApplication for test class com.kihong.health.persistence.service.workoutOftheDay.WorkoutOftheDayServiceImplTest
2023-04-26T19:41:25.130Z DEBUG 8971 --- [    Test worker] org.hibernate.SQL                        : insert into user (account_non_expired, account_non_locked, birth_day, created_at, credentials_non_expired, is_deleted, email, enabled, gender, last_logined, password, role, updated_at, username) values (?, ?, ?, ?, ?, ?, ?, ?, ?, ?, ?, ?, ?, ?)
2023-04-26T19:41:25.599Z DEBUG 8971 --- [    Test worker] org.hibernate.SQL                        : insert into user (account_non_expired, account_non_locked, birth_day, created_at, credentials_non_expired, is_deleted, email, enabled, gender, last_logined, password, role, updated_at, username) values (?, ?, ?, ?, ?, ?, ?, ?, ?, ?, ?, ?, ?, ?)
2023-04-26T19:41:26.341Z DEBUG 8971 --- [    Test worker] org.hibernate.SQL                        : insert into user (account_non_expired, account_non_locked, birth_day, created_at, credentials_non_expired, is_deleted, email, enabled, gender, last_logined, password, role, updated_at, username) values (?, ?, ?, ?, ?, ?, ?, ?, ?, ?, ?, ?, ?, ?)
2023-04-26T19:41:26.623Z DEBUG 8971 --- [    Test worker] org.hibernate.SQL                        : insert into workout_ofthe_day (created_at, date, is_deleted, description, name, result, type, updated_at) values (?, ?, ?, ?, ?, ?, ?, ?)
2023-04-26T19:41:26.737Z DEBUG 8971 --- [    Test worker] org.hibernate.SQL                        : insert into movement_record (cal, created_at, is_deleted, distance, height, name, ord, record_id, reps, updated_at, weight, wod_id) values (?, ?, ?, ?, ?, ?, ?, ?, ?, ?, ?, ?)
]]></system-out>
  <system-err><![CDATA[]]></system-err>
</testsuite>
