<?xml version="1.0" encoding="UTF-8"?>
<testsuite name="com.kihong.health.util.DateTemperTest" tests="2" skipped="0" failures="0" errors="0" timestamp="2023-04-26T19:41:28" hostname="9f8ab14de063" time="0.042">
  <properties/>
  <testcase name="DATETEMPER GET MONDAY OF WEEK" classname="com.kihong.health.util.DateTemperTest" time="0.04"/>
  <testcase name="DATETEMPER GET SUNDAY OF WEEK" classname="com.kihong.health.util.DateTemperTest" time="0.001"/>
  <system-out><![CDATA[]]></system-out>
  <system-err><![CDATA[]]></system-err>
</testsuite>
