<?xml version="1.0" encoding="UTF-8"?>
<testsuite name="com.kihong.health.web.controller.UserControllerTest" tests="1" skipped="0" failures="0" errors="0" timestamp="2023-04-26T19:41:41" hostname="9f8ab14de063" time="1.571">
  <properties/>
  <testcase name="SIGN IN USER TEST" classname="com.kihong.health.web.controller.UserControllerTest" time="1.571"/>
  <system-out><![CDATA[2023-04-26T19:41:41.642Z  INFO 8971 --- [    Test worker] t.c.s.AnnotationConfigContextLoaderUtils : Could not detect default configuration classes for test class [com.kihong.health.web.controller.UserControllerTest]: UserControllerTest does not declare any static, non-private, non-final, nested classes annotated with @Configuration.
2023-04-26T19:41:41.661Z  INFO 8971 --- [    Test worker] .b.t.c.SpringBootTestContextBootstrapper : Found @SpringBootConfiguration com.kihong.health.HealthApplication for test class com.kihong.health.web.controller.UserControllerTest
2023-04-26T19:41:42.711Z DEBUG 8971 --- [    Test worker] org.hibernate.SQL                        : insert into user (account_non_expired, account_non_locked, birth_day, created_at, credentials_non_expired, is_deleted, email, enabled, gender, last_logined, password, role, updated_at, username) values (?, ?, ?, ?, ?, ?, ?, ?, ?, ?, ?, ?, ?, ?)
2023-04-26T19:41:42.852Z DEBUG 8971 --- [    Test worker] org.hibernate.SQL                        : insert into user (account_non_expired, account_non_locked, birth_day, created_at, credentials_non_expired, is_deleted, email, enabled, gender, last_logined, password, role, updated_at, username) values (?, ?, ?, ?, ?, ?, ?, ?, ?, ?, ?, ?, ?, ?)
2023-04-26T19:41:43.028Z DEBUG 8971 --- [    Test worker] org.hibernate.SQL                        : insert into user (account_non_expired, account_non_locked, birth_day, created_at, credentials_non_expired, is_deleted, email, enabled, gender, last_logined, password, role, updated_at, username) values (?, ?, ?, ?, ?, ?, ?, ?, ?, ?, ?, ?, ?, ?)
2023-04-26T19:41:43.043Z DEBUG 8971 --- [    Test worker] o.s.security.web.FilterChainProxy        : Securing POST /api/v1/user/signin
2023-04-26T19:41:43.046Z DEBUG 8971 --- [    Test worker] o.s.s.w.a.AnonymousAuthenticationFilter  : Set SecurityContextHolder to anonymous SecurityContext
2023-04-26T19:41:43.049Z DEBUG 8971 --- [    Test worker] o.s.security.web.FilterChainProxy        : Secured POST /api/v1/user/signin
2023-04-26T19:41:43.060Z DEBUG 8971 --- [    Test worker] org.hibernate.SQL                        : select u1_0.user_id,u1_0.account_non_expired,u1_0.account_non_locked,u1_0.birth_day,u1_0.created_at,u1_0.credentials_non_expired,u1_0.is_deleted,u1_0.email,u1_0.enabled,u1_0.gender,u1_0.last_logined,u1_0.password,u1_0.role,u1_0.updated_at,u1_0.username from user u1_0 where u1_0.email=?

MockHttpServletRequest:
      HTTP Method = POST
      Request URI = /api/v1/user/signin
       Parameters = {}
          Headers = [Content-Type:"application/json;charset=UTF-8", Content-Length:"68"]
             Body = {"usernameOremail":"normal_user@example.com","password":"password1"}
    Session Attrs = {}

Handler:
             Type = com.kihong.health.web.controller.UserController
           Method = com.kihong.health.web.controller.UserController#SignIn(SignInDTO, Errors)

Async:
    Async started = false
     Async result = null

Resolved Exception:
             Type = null

ModelAndView:
        View name = null
             View = null
            Model = null

FlashMap:
       Attributes = null

MockHttpServletResponse:
           Status = 200
    Error message = null
          Headers = [Vary:"Origin", "Access-Control-Request-Method", "Access-Control-Request-Headers", Content-Type:"application/json", X-Content-Type-Options:"nosniff", X-XSS-Protection:"0", Cache-Control:"no-cache, no-store, max-age=0, must-revalidate", Pragma:"no-cache", Expires:"0", X-Frame-Options:"DENY"]
     Content type = application/json
             Body = {"id":4,"email":"normal_user@example.com","username":"normal_user","gender":"null","birthDay":null,"token":"eyJhbGciOiJIUzI1NiJ9.eyJzdWIiOiJub3JtYWxfdXNlckBleGFtcGxlLmNvbSIsInJvbGVzIjpbIlVTRVIiXSwiaWF0IjoxNjgyNTM4MTAzLCJleHAiOjE2OTgwOTAxMDN9.Owht4jG3RlZSsyyMhicZVkEXXnPQyTB-loV47jvOZSk"}
    Forwarded URL = null
   Redirected URL = null
          Cookies = []
]]></system-out>
  <system-err><![CDATA[]]></system-err>
</testsuite>
