<?xml version="1.0" encoding="UTF-8"?>
<testsuite name="com.kihong.health.web.controller.MovementControllerTest" tests="1" skipped="0" failures="0" errors="0" timestamp="2023-04-26T19:41:29" hostname="9f8ab14de063" time="2.142">
  <properties/>
  <testcase name="LIST MOVEMENT TEST" classname="com.kihong.health.web.controller.MovementControllerTest" time="2.142"/>
  <system-out><![CDATA[2023-04-26T19:41:29.008Z  INFO 8971 --- [    Test worker] t.c.s.AnnotationConfigContextLoaderUtils : Could not detect default configuration classes for test class [com.kihong.health.web.controller.MovementControllerTest]: MovementControllerTest does not declare any static, non-private, non-final, nested classes annotated with @Configuration.
2023-04-26T19:41:29.052Z  INFO 8971 --- [    Test worker] .b.t.c.SpringBootTestContextBootstrapper : Found @SpringBootConfiguration com.kihong.health.HealthApplication for test class com.kihong.health.web.controller.MovementControllerTest
2023-04-26T19:41:29.801Z DEBUG 8971 --- [    Test worker] org.hibernate.SQL                        : insert into user (account_non_expired, account_non_locked, birth_day, created_at, credentials_non_expired, is_deleted, email, enabled, gender, last_logined, password, role, updated_at, username) values (?, ?, ?, ?, ?, ?, ?, ?, ?, ?, ?, ?, ?, ?)
2023-04-26T19:41:29.997Z DEBUG 8971 --- [    Test worker] org.hibernate.SQL                        : insert into user (account_non_expired, account_non_locked, birth_day, created_at, credentials_non_expired, is_deleted, email, enabled, gender, last_logined, password, role, updated_at, username) values (?, ?, ?, ?, ?, ?, ?, ?, ?, ?, ?, ?, ?, ?)
2023-04-26T19:41:30.158Z DEBUG 8971 --- [    Test worker] org.hibernate.SQL                        : insert into user (account_non_expired, account_non_locked, birth_day, created_at, credentials_non_expired, is_deleted, email, enabled, gender, last_logined, password, role, updated_at, username) values (?, ?, ?, ?, ?, ?, ?, ?, ?, ?, ?, ?, ?, ?)
2023-04-26T19:41:30.301Z DEBUG 8971 --- [    Test worker] o.s.security.web.FilterChainProxy        : Securing GET /api/v1/movement
2023-04-26T19:41:30.380Z DEBUG 8971 --- [    Test worker] o.s.s.w.a.AnonymousAuthenticationFilter  : Set SecurityContextHolder to anonymous SecurityContext
2023-04-26T19:41:30.456Z DEBUG 8971 --- [    Test worker] o.s.security.web.FilterChainProxy        : Secured GET /api/v1/movement
2023-04-26T19:41:30.813Z DEBUG 8971 --- [    Test worker] org.hibernate.SQL                        : select m1_0.movement_id,m1_0.description,m1_0.name from movement m1_0 limit ?,?

MockHttpServletRequest:
      HTTP Method = GET
      Request URI = /api/v1/movement
       Parameters = {}
          Headers = []
             Body = null
    Session Attrs = {}

Handler:
             Type = com.kihong.health.web.controller.MovementController
           Method = com.kihong.health.web.controller.MovementController#listMovement(Pageable, PagedResourcesAssembler)

Async:
    Async started = false
     Async result = null

Resolved Exception:
             Type = null

ModelAndView:
        View name = null
             View = null
            Model = null

FlashMap:
       Attributes = null

MockHttpServletResponse:
           Status = 200
    Error message = null
          Headers = [Vary:"Origin", "Access-Control-Request-Method", "Access-Control-Request-Headers", Content-Type:"application/json", X-Content-Type-Options:"nosniff", X-XSS-Protection:"0", Cache-Control:"no-cache, no-store, max-age=0, must-revalidate", Pragma:"no-cache", Expires:"0", X-Frame-Options:"DENY"]
     Content type = application/json
             Body = {"content":[{"id":1,"name":"Burpee","description":"The burpee is a full-body exercise used in strength training and as an aerobic exercise."},{"id":2,"name":"Kettlebell Swing","description":"The kettlebell swing is a ballistic exercise that targets the posterior chain."},{"id":3,"name":"Squat","description":"The squat is a compound, full-body exercise that works more than one muscle group."},{"id":4,"name":"Pull-up","description":"The pull-up is a compound exercise that works the muscles of the upper body."},{"id":5,"name":"Deadlift","description":"The deadlift is a weight training exercise that works the posterior chain."}],"pageable":{"sort":{"empty":true,"sorted":false,"unsorted":true},"offset":0,"pageNumber":0,"pageSize":20,"paged":true,"unpaged":false},"last":true,"totalElements":5,"totalPages":1,"sort":{"empty":true,"sorted":false,"unsorted":true},"first":true,"number":0,"size":20,"numberOfElements":5,"empty":false}
    Forwarded URL = null
   Redirected URL = null
          Cookies = []
]]></system-out>
  <system-err><![CDATA[]]></system-err>
</testsuite>
